


materialPath: C:\Program Files (x86)\Steam\steamapps\common\Counter-Strike Global Offensive\csgo\materials
Loading D:\00 SOURCE\de_prototype\prototype.vmf
Map revision 1
fixing up env_cubemap materials on brush sides...
0...1...2...3...4...5...6...7...8...9...10**** leaked ****
Entity info_player_counterterrorist (-8054.14 -46.82 2041.00) leaked!
Processing areas...done (0)
Building Faces...done (0)
Chop Details...done (0)
Find Visible Detail Sides...done (0)
Merging details...done (0)
FixTjuncs...
PruneNodes...
WriteBSP...
done (0)
Finding displacement neighbors...
Finding lightmap sample positions...
Displacement Alpha : 0...1...2...3...4...5...6...7...8...9...10
Building Physics collision data...
done (0) (35912 bytes)
Placing detail props : 0...1...2...3...4...5...6...7...8...9...10
Compacting texture/material tables...
Reduced 6 texinfos to 6
Reduced 2 texdatas to 2 (53 bytes to 53)
Writing D:\00 SOURCE\de_prototype\prototype.bsp
MSG_FILEWRITE - Filesystem was asked to write to 'd:\00 source\de_prototype\prototype.bsp', but we don't own that location. Allowing...
0 seconds elapsed



8 threads
reading d:\00 source\de_prototype\prototype.bsp
reading d:\00 source\de_prototype\prototype.prt
LoadPortals: couldn't read d:\00 source\de_prototype\prototype.prt



materialPath: C:\Program Files (x86)\Steam\steamapps\common\Counter-Strike Global Offensive\csgo\materials
Loading D:\00 SOURCE\de_prototype\prototype.vmf
Map revision 1
fixing up env_cubemap materials on brush sides...
0...1...2...3...4...5...6...7...8...9...10**** leaked ****
Entity info_player_counterterrorist (-8054.14 -46.82 2041.00) leaked!
Processing areas...done (0)
Building Faces...done (0)
Chop Details...done (0)
Find Visible Detail Sides...done (0)
Merging details...done (0)
FixTjuncs...
PruneNodes...
WriteBSP...
done (0)
Finding displacement neighbors...
Finding lightmap sample positions...
Displacement Alpha : 0...1...2...3...4...5...6...7...8...9...10
Building Physics collision data...
done (0) (35912 bytes)
Placing detail props : 0...1...2...3...4...5...6...7...8...9...10
Compacting texture/material tables...
Reduced 6 texinfos to 6
Reduced 2 texdatas to 2 (53 bytes to 53)
Writing D:\00 SOURCE\de_prototype\prototype.bsp
MSG_FILEWRITE - Filesystem was asked to write to 'd:\00 source\de_prototype\prototype.bsp', but we don't own that location. Allowing...
0 seconds elapsed



8 threads
reading d:\00 source\de_prototype\prototype.bsp
reading d:\00 source\de_prototype\prototype.prt
LoadPortals: couldn't read d:\00 source\de_prototype\prototype.prt



materialPath: C:\Program Files (x86)\Steam\steamapps\common\Counter-Strike Global Offensive\csgo\materials
Loading D:\00 SOURCE\de_prototype\prototype.vmf
Map revision 2
fixing up env_cubemap materials on brush sides...
0...1...2...3...4...5...6...7...8...9...10**** leaked ****
Entity info_player_terrorist (-7936.00 -1472.00 2048.00) leaked!
Processing areas...done (0)
Building Faces...done (0)
Chop Details...done (0)
Find Visible Detail Sides...done (0)
Merging details...done (0)
FixTjuncs...
PruneNodes...
WriteBSP...
done (0)
Finding displacement neighbors...
Finding lightmap sample positions...
Displacement Alpha : 0...1...2...3...4...5...6...7...8...9...10
Building Physics collision data...
done (0) (40015 bytes)
Placing detail props : 0...1...2...3...4...5...6...7...8...9...10
Compacting texture/material tables...
Reduced 9 texinfos to 9
Reduced 3 texdatas to 3 (84 bytes to 84)
Writing D:\00 SOURCE\de_prototype\prototype.bsp
MSG_FILEWRITE - Filesystem was asked to write to 'd:\00 source\de_prototype\prototype.bsp', but we don't own that location. Allowing...
0 seconds elapsed



8 threads
reading d:\00 source\de_prototype\prototype.bsp
reading d:\00 source\de_prototype\prototype.prt
LoadPortals: couldn't read d:\00 source\de_prototype\prototype.prt



materialPath: C:\Program Files (x86)\Steam\steamapps\common\Counter-Strike Global Offensive\csgo\materials
Loading D:\00 SOURCE\de_prototype\prototype.vmf
Map revision 3
fixing up env_cubemap materials on brush sides...
0...1...2...3...4...5...6...7...8...9...10**** leaked ****
Entity info_player_terrorist (-7936.00 -1468.41 2063.00) leaked!
Processing areas...done (0)
Building Faces...done (0)
Chop Details...done (0)
Find Visible Detail Sides...done (0)
Merging details...done (0)
FixTjuncs...
PruneNodes...
WriteBSP...
done (0)
Finding displacement neighbors...
Finding lightmap sample positions...
Displacement Alpha : 0...1...2...3...4...5...6...7...8...9...10
Building Physics collision data...
done (0) (40015 bytes)
Placing detail props : 0...1...2...3...4...5...6...7...8...9...10
Compacting texture/material tables...
Reduced 9 texinfos to 9
Reduced 3 texdatas to 3 (84 bytes to 84)
Writing D:\00 SOURCE\de_prototype\prototype.bsp
MSG_FILEWRITE - Filesystem was asked to write to 'd:\00 source\de_prototype\prototype.bsp', but we don't own that location. Allowing...
0 seconds elapsed



8 threads
reading d:\00 source\de_prototype\prototype.bsp
reading d:\00 source\de_prototype\prototype.prt
LoadPortals: couldn't read d:\00 source\de_prototype\prototype.prt



materialPath: C:\Program Files (x86)\Steam\steamapps\common\Counter-Strike Global Offensive\csgo\materials
Loading D:\00 SOURCE\de_prototype\prototype.vmf
Map revision 4
fixing up env_cubemap materials on brush sides...
0...1...2...3...4...5...6...7...8...9...100...1...2...3...4...5...6...7...8...9...10Processing areas...done (0)
Building Faces...done (0)
Chop Details...done (0)
Find Visible Detail Sides...done (0)
Merging details...done (0)
FixTjuncs...
PruneNodes...
WriteBSP...
done (0)
writing D:\00 SOURCE\de_prototype\prototype.prt...Building visibility clusters...
AutoVisClustering (threshold=-1) matched 0 leafs.
done (0)
Finding displacement neighbors...
Finding lightmap sample positions...
Displacement Alpha : 0...1...2...3...4...5...6...7...8...9...10
Building Physics collision data...
done (0) (39687 bytes)
Placing detail props : 0...1...2...3...4...5...6...7...8...9...10
Compacting texture/material tables...
Reduced 9 texinfos to 9
Reduced 3 texdatas to 3 (84 bytes to 84)
Writing D:\00 SOURCE\de_prototype\prototype.bsp
MSG_FILEWRITE - Filesystem was asked to write to 'd:\00 source\de_prototype\prototype.bsp', but we don't own that location. Allowing...
0 seconds elapsed



8 threads
reading d:\00 source\de_prototype\prototype.bsp
reading d:\00 source\de_prototype\prototype.prt
  82 portalclusters
 163 numportals
0...1...2...3...4...5...6...7...8...9...100...1...2...3...4...5...6...7...8...9...10Optimized: 15 visible clusters (0.00%)
Total clusters visible: 3661
Average clusters visible: 44
Building PAS...
Average clusters audible: 74
visdatasize:2510  compressed from 2624
writing d:\00 source\de_prototype\prototype.bsp
MSG_FILEWRITE - Filesystem was asked to write to 'd:\00 source\de_prototype\prototype.bsp', but we don't own that location. Allowing...
0 seconds elapsed



[Reading texlights from 'lights.rad']
[17 texlights parsed from 'lights.rad']

Loading d:\00 source\de_prototype\prototype.bsp
320 faces
23832 square feet [3431817.25 square inches]
0 Displacements
0 Square Feet [0.00 Square Inches]
320 patches before subdivision
2732 patches after subdivision
0 direct lights
0...1...2...3...4...5...6...7...8...9...100...1...2...3...4...5...6...7...8...9...10transfers 221022, max 256
transfer lists:   1.7 megs
0...1...2...3...4...5...6...7...8...9...10	Bounce #1 added RGB(0, 0, 0)
Build Patch/Sample Hash Table(s).....Done<0.0004 sec>
0...1...2...3...4...5...6...7...8...9...10FinalLightFace Done
0 of 0 (0% of) surface lights went in leaf ambient cubes.
0...1...2...3...4...5...6...7...8...9...10Writing leaf ambient...done
Ready to Finish

Object names       Objects/Maxobjs  Memory / Maxmem  Fullness 
------------       ---------------  ---------------  -------- 
models                   3/1024          144/49152    ( 0.3%) 
brushes                107/8192         1284/98304    ( 1.3%) 
brushsides             730/81920        5840/655360   ( 0.9%) 
planes                 498/65536        9960/1310720  ( 0.8%) 
vertexes               643/65536        7716/786432   ( 1.0%) 
nodes                  235/65536        7520/2097152  ( 0.4%) 
texinfos                 9/12288         648/884736   ( 0.1%) 
texdata                  3/4096           96/131072   ( 0.1%) 
dispinfos                0/0               0/0        ( 0.0%) 
disp_verts               0/0               0/0        ( 0.0%) 
disp_tris                0/0               0/0        ( 0.0%) 
disp_multiblend          0/0               0/0        ( 0.0%) 
disp_lmsamples           0/0               0/0        ( 0.0%) 
faces                  320/65536       17920/3670016  ( 0.5%) 
hdr faces                0/65536           0/3670016  ( 0.0%) 
origfaces              157/65536        8792/3670016  ( 0.2%) 
facebrushes             77/0             154/0        ( 0.0%) 
facebrushlists         320/0            1280/0        ( 0.0%) 
leaves                 239/65536        7648/2097152  ( 0.4%) 
leaffaces              342/65536         684/131072   ( 0.5%) 
leafbrushes            240/65536         480/131072   ( 0.4%) 
areas                    2/1024           16/8192     ( 0.2%) 
surfedges             2165/512000       8660/2048000  ( 0.4%) 
edges                 1297/256000       5188/1024000  ( 0.5%) 
LDR worldlights          0/8192            0/819200   ( 0.0%) 
HDR worldlights          0/8192            0/819200   ( 0.0%) 
leafwaterdata            0/32768           0/393216   ( 0.0%) 
waterstrips             21/32768         210/327680   ( 0.1%) 
waterverts               0/65536           0/786432   ( 0.0%) 
waterindices           399/65536         798/131072   ( 0.6%) 
cubemapsamples           0/1024            0/16384    ( 0.0%) 
overlays                 0/1024            0/360448   ( 0.0%) 
LDR lightdata         [variable]      192792/0        ( 0.0%) 
HDR lightdata         [variable]           0/0        ( 0.0%) 
visdata               [variable]        2510/16777216 ( 0.0%) 
entdata               [variable]        2887/393216   ( 0.7%) 
LDR ambient table      239/65536         956/262144   ( 0.4%) 
HDR ambient table      239/65536         956/262144   ( 0.4%) 
LDR leaf ambient        94/65536        2632/1835008  ( 0.1%) 
HDR leaf ambient       239/65536        6692/1835008  ( 0.4%) 
occluders                0/0               0/0        ( 0.0%) 
occluder polygons        0/0               0/0        ( 0.0%) 
occluder vert ind        0/0               0/0        ( 0.0%) 
detail props          [variable]           1/12       ( 8.3%) 
static props          [variable]           1/12       ( 8.3%) 
pakfile               [variable]       74434/0        ( 0.0%) 
physics               [variable]       39687/4194304  ( 0.9%) 
physics terrain       [variable]           2/1048576  ( 0.0%) 

Level flags = 7c

Total triangle count: 897
Writing d:\00 source\de_prototype\prototype.bsp
MSG_FILEWRITE - Filesystem was asked to write to 'd:\00 source\de_prototype\prototype.bsp', but we don't own that location. Allowing...
0 seconds elapsed



materialPath: C:\Program Files (x86)\Steam\steamapps\common\Counter-Strike Global Offensive\csgo\materials
Loading D:\00 SOURCE\de_prototype\prototype.vmf
Map revision 5
fixing up env_cubemap materials on brush sides...
0...1...2...3...4...5...6...7...8...9...100...1...2...3...4...5...6...7...8...9...10Processing areas...done (0)
Building Faces...done (0)
Chop Details...done (0)
Find Visible Detail Sides...done (0)
Merging details...done (0)
FixTjuncs...
PruneNodes...
WriteBSP...
done (0)
writing D:\00 SOURCE\de_prototype\prototype.prt...Building visibility clusters...
AutoVisClustering (threshold=-1) matched 0 leafs.
done (0)
Finding displacement neighbors...
Finding lightmap sample positions...
Displacement Alpha : 0...1...2...3...4...5...6...7...8...9...10
Building Physics collision data...
done (0) (39687 bytes)
Placing detail props : 0...1...2...3...4...5...6...7...8...9...10
Compacting texture/material tables...
Reduced 9 texinfos to 9
Reduced 3 texdatas to 3 (84 bytes to 84)
Writing D:\00 SOURCE\de_prototype\prototype.bsp
MSG_FILEWRITE - Filesystem was asked to write to 'd:\00 source\de_prototype\prototype.bsp', but we don't own that location. Allowing...
0 seconds elapsed



8 threads
reading d:\00 source\de_prototype\prototype.bsp
reading d:\00 source\de_prototype\prototype.prt
  82 portalclusters
 163 numportals
0...1...2...3...4...5...6...7...8...9...100...1...2...3...4...5...6...7...8...9...10Optimized: 15 visible clusters (0.00%)
Total clusters visible: 3661
Average clusters visible: 44
Building PAS...
Average clusters audible: 74
visdatasize:2510  compressed from 2624
writing d:\00 source\de_prototype\prototype.bsp
MSG_FILEWRITE - Filesystem was asked to write to 'd:\00 source\de_prototype\prototype.bsp', but we don't own that location. Allowing...
0 seconds elapsed



[Reading texlights from 'lights.rad']
[17 texlights parsed from 'lights.rad']

Loading d:\00 source\de_prototype\prototype.bsp
320 faces
23524 square feet [3387577.25 square inches]
0 Displacements
0 Square Feet [0.00 Square Inches]
320 patches before subdivision
2732 patches after subdivision
0 direct lights
0...1...2...3...4...5...6...7...8...9...100...1...2...3...4...5...6...7...8...9...10transfers 221035, max 256
transfer lists:   1.7 megs
0...1...2...3...4...5...6...7...8...9...10	Bounce #1 added RGB(0, 0, 0)
Build Patch/Sample Hash Table(s).....Done<0.0004 sec>
0...1...2...3...4...5...6...7...8...9...10FinalLightFace Done
0 of 0 (0% of) surface lights went in leaf ambient cubes.
0...1...2...3...4...5...6...7...8...9...10Writing leaf ambient...done
Ready to Finish

Object names       Objects/Maxobjs  Memory / Maxmem  Fullness 
------------       ---------------  ---------------  -------- 
models                   3/1024          144/49152    ( 0.3%) 
brushes                107/8192         1284/98304    ( 1.3%) 
brushsides             730/81920        5840/655360   ( 0.9%) 
planes                 498/65536        9960/1310720  ( 0.8%) 
vertexes               643/65536        7716/786432   ( 1.0%) 
nodes                  235/65536        7520/2097152  ( 0.4%) 
texinfos                 9/12288         648/884736   ( 0.1%) 
texdata                  3/4096           96/131072   ( 0.1%) 
dispinfos                0/0               0/0        ( 0.0%) 
disp_verts               0/0               0/0        ( 0.0%) 
disp_tris                0/0               0/0        ( 0.0%) 
disp_multiblend          0/0               0/0        ( 0.0%) 
disp_lmsamples           0/0               0/0        ( 0.0%) 
faces                  320/65536       17920/3670016  ( 0.5%) 
hdr faces                0/65536           0/3670016  ( 0.0%) 
origfaces              157/65536        8792/3670016  ( 0.2%) 
facebrushes             77/0             154/0        ( 0.0%) 
facebrushlists         320/0            1280/0        ( 0.0%) 
leaves                 239/65536        7648/2097152  ( 0.4%) 
leaffaces              342/65536         684/131072   ( 0.5%) 
leafbrushes            240/65536         480/131072   ( 0.4%) 
areas                    2/1024           16/8192     ( 0.2%) 
surfedges             2165/512000       8660/2048000  ( 0.4%) 
edges                 1297/256000       5188/1024000  ( 0.5%) 
LDR worldlights          0/8192            0/819200   ( 0.0%) 
HDR worldlights          0/8192            0/819200   ( 0.0%) 
leafwaterdata            0/32768           0/393216   ( 0.0%) 
waterstrips             21/32768         210/327680   ( 0.1%) 
waterverts               0/65536           0/786432   ( 0.0%) 
waterindices           399/65536         798/131072   ( 0.6%) 
cubemapsamples           0/1024            0/16384    ( 0.0%) 
overlays                 0/1024            0/360448   ( 0.0%) 
LDR lightdata         [variable]      192792/0        ( 0.0%) 
HDR lightdata         [variable]           0/0        ( 0.0%) 
visdata               [variable]        2510/16777216 ( 0.0%) 
entdata               [variable]        2882/393216   ( 0.7%) 
LDR ambient table      239/65536         956/262144   ( 0.4%) 
HDR ambient table      239/65536         956/262144   ( 0.4%) 
LDR leaf ambient        94/65536        2632/1835008  ( 0.1%) 
HDR leaf ambient       239/65536        6692/1835008  ( 0.4%) 
occluders                0/0               0/0        ( 0.0%) 
occluder polygons        0/0               0/0        ( 0.0%) 
occluder vert ind        0/0               0/0        ( 0.0%) 
detail props          [variable]           1/12       ( 8.3%) 
static props          [variable]           1/12       ( 8.3%) 
pakfile               [variable]       74434/0        ( 0.0%) 
physics               [variable]       39687/4194304  ( 0.9%) 
physics terrain       [variable]           2/1048576  ( 0.0%) 

Level flags = 7c

Total triangle count: 897
Writing d:\00 source\de_prototype\prototype.bsp
MSG_FILEWRITE - Filesystem was asked to write to 'd:\00 source\de_prototype\prototype.bsp', but we don't own that location. Allowing...
0 seconds elapsed



materialPath: C:\Program Files (x86)\Steam\steamapps\common\Counter-Strike Global Offensive\csgo\materials
Loading D:\00 SOURCE\de_prototype\prototype.vmf
Map revision 5
fixing up env_cubemap materials on brush sides...
0...1...2...3...4...5...6...7...8...9...100...1...2...3...4...5...6...7...8...9...10Processing areas...done (0)
Building Faces...done (0)
Chop Details...done (0)
Find Visible Detail Sides...done (0)
Merging details...done (0)
FixTjuncs...
PruneNodes...
WriteBSP...
done (0)
writing D:\00 SOURCE\de_prototype\prototype.prt...Building visibility clusters...
AutoVisClustering (threshold=-1) matched 0 leafs.
done (0)
Finding displacement neighbors...
Finding lightmap sample positions...
Displacement Alpha : 0...1...2...3...4...5...6...7...8...9...10
Building Physics collision data...
done (0) (39687 bytes)
Placing detail props : 0...1...2...3...4...5...6...7...8...9...10
Compacting texture/material tables...
Reduced 9 texinfos to 9
Reduced 3 texdatas to 3 (84 bytes to 84)
Writing D:\00 SOURCE\de_prototype\prototype.bsp
MSG_FILEWRITE - Filesystem was asked to write to 'd:\00 source\de_prototype\prototype.bsp', but we don't own that location. Allowing...
0 seconds elapsed



8 threads
reading d:\00 source\de_prototype\prototype.bsp
reading d:\00 source\de_prototype\prototype.prt
  82 portalclusters
 163 numportals
0...1...2...3...4...5...6...7...8...9...100...1...2...3...4...5...6...7...8...9...10Optimized: 15 visible clusters (0.00%)
Total clusters visible: 3661
Average clusters visible: 44
Building PAS...
Average clusters audible: 74
visdatasize:2510  compressed from 2624
writing d:\00 source\de_prototype\prototype.bsp
MSG_FILEWRITE - Filesystem was asked to write to 'd:\00 source\de_prototype\prototype.bsp', but we don't own that location. Allowing...
0 seconds elapsed



[Reading texlights from 'lights.rad']
[17 texlights parsed from 'lights.rad']

Loading d:\00 source\de_prototype\prototype.bsp
320 faces
23524 square feet [3387577.25 square inches]
0 Displacements
0 Square Feet [0.00 Square Inches]
320 patches before subdivision
2732 patches after subdivision
0 direct lights
0...1...2...3...4...5...6...7...8...9...100...1...2...3...4...5...6...7...8...9...10transfers 221035, max 256
transfer lists:   1.7 megs
0...1...2...3...4...5...6...7...8...9...10	Bounce #1 added RGB(0, 0, 0)
Build Patch/Sample Hash Table(s).....Done<0.0003 sec>
0...1...2...3...4...5...6...7...8...9...10FinalLightFace Done
0 of 0 (0% of) surface lights went in leaf ambient cubes.
0...1...2...3...4...5...6...7...8...9...10Writing leaf ambient...done
Ready to Finish

Object names       Objects/Maxobjs  Memory / Maxmem  Fullness 
------------       ---------------  ---------------  -------- 
models                   3/1024          144/49152    ( 0.3%) 
brushes                107/8192         1284/98304    ( 1.3%) 
brushsides             730/81920        5840/655360   ( 0.9%) 
planes                 498/65536        9960/1310720  ( 0.8%) 
vertexes               643/65536        7716/786432   ( 1.0%) 
nodes                  235/65536        7520/2097152  ( 0.4%) 
texinfos                 9/12288         648/884736   ( 0.1%) 
texdata                  3/4096           96/131072   ( 0.1%) 
dispinfos                0/0               0/0        ( 0.0%) 
disp_verts               0/0               0/0        ( 0.0%) 
disp_tris                0/0               0/0        ( 0.0%) 
disp_multiblend          0/0               0/0        ( 0.0%) 
disp_lmsamples           0/0               0/0        ( 0.0%) 
faces                  320/65536       17920/3670016  ( 0.5%) 
hdr faces                0/65536           0/3670016  ( 0.0%) 
origfaces              157/65536        8792/3670016  ( 0.2%) 
facebrushes             77/0             154/0        ( 0.0%) 
facebrushlists         320/0            1280/0        ( 0.0%) 
leaves                 239/65536        7648/2097152  ( 0.4%) 
leaffaces              342/65536         684/131072   ( 0.5%) 
leafbrushes            240/65536         480/131072   ( 0.4%) 
areas                    2/1024           16/8192     ( 0.2%) 
surfedges             2165/512000       8660/2048000  ( 0.4%) 
edges                 1297/256000       5188/1024000  ( 0.5%) 
LDR worldlights          0/8192            0/819200   ( 0.0%) 
HDR worldlights          0/8192            0/819200   ( 0.0%) 
leafwaterdata            0/32768           0/393216   ( 0.0%) 
waterstrips             21/32768         210/327680   ( 0.1%) 
waterverts               0/65536           0/786432   ( 0.0%) 
waterindices           399/65536         798/131072   ( 0.6%) 
cubemapsamples           0/1024            0/16384    ( 0.0%) 
overlays                 0/1024            0/360448   ( 0.0%) 
LDR lightdata         [variable]      192792/0        ( 0.0%) 
HDR lightdata         [variable]           0/0        ( 0.0%) 
visdata               [variable]        2510/16777216 ( 0.0%) 
entdata               [variable]        2882/393216   ( 0.7%) 
LDR ambient table      239/65536         956/262144   ( 0.4%) 
HDR ambient table      239/65536         956/262144   ( 0.4%) 
LDR leaf ambient        94/65536        2632/1835008  ( 0.1%) 
HDR leaf ambient       239/65536        6692/1835008  ( 0.4%) 
occluders                0/0               0/0        ( 0.0%) 
occluder polygons        0/0               0/0        ( 0.0%) 
occluder vert ind        0/0               0/0        ( 0.0%) 
detail props          [variable]           1/12       ( 8.3%) 
static props          [variable]           1/12       ( 8.3%) 
pakfile               [variable]       74434/0        ( 0.0%) 
physics               [variable]       39687/4194304  ( 0.9%) 
physics terrain       [variable]           2/1048576  ( 0.0%) 

Level flags = 7c

Total triangle count: 897
Writing d:\00 source\de_prototype\prototype.bsp
MSG_FILEWRITE - Filesystem was asked to write to 'd:\00 source\de_prototype\prototype.bsp', but we don't own that location. Allowing...
0 seconds elapsed
