PRT1
82
163
4 0 14 (-8160 0 2280 ) (-8192 0 2280 ) (-8192 0 2040 ) (-8160 0 2040 ) 
4 0 10 (-7960 0 2040 ) (-7960 0 2160 ) (-8160 0 2160 ) (-8160 0 2040 ) 
4 0 9 (-7960 0 2160 ) (-7960 0 2280 ) (-8160 0 2280 ) (-8160 0 2160 ) 
4 0 5 (-8192 0 2048 ) (-8192 0 2280 ) (-8192 154.352982 2280 ) (-8192 154.352982 2048 ) 
4 0 4 (-8192 154.352982 2280 ) (-8192 160 2280 ) (-8192 160 2048 ) (-8192 154.352982 2048 ) 
4 0 1 (-8192 160 2280 ) (-8192 272 2280 ) (-8192 272 2040 ) (-8192 160 2040 ) 
4 1 4 (-8192 160 2048 ) (-8192 160 2280 ) (-8384 160 2280 ) (-8384 160 2048 ) 
4 1 3 (-8384 160 2048 ) (-8384 160 2280 ) (-8496 160 2280 ) (-8496 160 2048 ) 
4 1 2 (-8592 160 2280 ) (-8592 160 2048 ) (-8496 160 2048 ) (-8496 160 2280 ) 
4 1 8 (-8592 272 2280 ) (-8592 272 2040 ) (-8592 160 2040 ) (-8592 160 2280 ) 
4 2 76 (-8430.118164 0 2280 ) (-8450.286133 0 2280 ) (-8450.286133 0 2048 ) (-8430.118164 0 2048 ) 
4 2 75 (-8450.286133 0 2280 ) (-8592 0 2280 ) (-8592 0 2048 ) (-8450.286133 0 2048 ) 
4 2 3 (-8495.997070 160 2048 ) (-8495.997070 160 2280 ) (-8439.998047 24.004272 2280 ) (-8439.998047 24.004265 2048 ) 
4 2 8 (-8592 0 2048 ) (-8592 0 2280 ) (-8592 160 2280 ) (-8592 160 2048 ) 
4 3 4 (-8425.998047 58.001045 2048 ) (-8383.998047 160 2048 ) (-8383.998047 160 2280 ) (-8425.998047 58.001045 2280 ) 
4 4 6 (-8392 72 2048 ) (-8310.399414 105.601303 2048 ) (-8310.399414 105.601303 2280 ) (-8392 72 2280 ) 
4 4 5 (-8310.399414 105.601303 2048 ) (-8192 154.354492 2048 ) (-8192 154.354492 2280 ) (-8310.399414 105.601303 2280 ) 
4 5 77 (-8224 0 2280 ) (-8353.882813 0 2280 ) (-8353.882813 0 2048 ) (-8224 0 2048 ) 
4 5 54 (-8192 0 2048 ) (-8192 0 2280 ) (-8224 0 2280 ) (-8224 0 2048 ) 
4 5 7 (-8334.058594 48.141911 2048 ) (-8344 24 2048 ) (-8344 24 2280 ) (-8334.058594 48.141914 2280 ) 
4 5 6 (-8310.399414 105.599678 2280 ) (-8310.399414 105.599670 2048 ) (-8334.058594 48.141911 2048 ) (-8334.058594 48.141914 2280 ) 
4 6 7 (-8358 58 2048 ) (-8334.060547 48.142578 2048 ) (-8334.060547 48.142578 2280 ) (-8358 58 2280 ) 
4 8 80 (-8592 0 2280 ) (-8720 0 2280 ) (-8720 0 2040 ) (-8592 0 2040 ) 
4 9 14 (-8160 -280 2280 ) (-8160 0 2280 ) (-8160 0 2160 ) (-8160 -280 2160 ) 
4 9 10 (-8160 -280 2160 ) (-8160 0 2160 ) (-7960 0 2160 ) (-7960 -280 2160 ) 
4 10 14 (-8160 -280 2160 ) (-8160 0 2160 ) (-8160 0 2040 ) (-8160 -280 2040 ) 
4 11 33 (-8160 -904 1936 ) (-8160 -904 2032 ) (-8160 -664 2032 ) (-8160 -664 1936 ) 
4 11 12 (-8128 -904 1936 ) (-8064 -904 1936 ) (-8064 -904 2032 ) (-8128 -904 2032 ) 
4 12 13 (-8064 -960 2032 ) (-8128 -960 2032 ) (-8128 -960 1936 ) (-8064 -960 1936 ) 
4 13 46 (-7872 -1024 1944 ) (-7872 -1024 1960 ) (-7936 -1024 1960 ) (-7936 -1024 1944 ) 
4 13 44 (-7872 -1024 1960 ) (-7872 -1024 1968 ) (-7936 -1024 1968 ) (-7936 -1024 1960 ) 
4 13 42 (-7872 -1024 1968 ) (-7872 -1024 2024 ) (-7936 -1024 2024 ) (-7936 -1024 1968 ) 
4 13 38 (-7872 -1024 2024 ) (-7872 -1024 2032 ) (-7936 -1024 2032 ) (-7936 -1024 2024 ) 
4 14 54 (-8192 0 2280 ) (-8192 0 2048 ) (-8192 -112 2048 ) (-8192 -112 2280 ) 
4 14 55 (-8192 -112 2040 ) (-8192 -280 2040 ) (-8192 -280 2280 ) (-8192 -112 2280 ) 
4 14 15 (-8192 -280 2040 ) (-8160 -280 2040 ) (-8160 -280 2159 ) (-8192 -280 2159 ) 
4 15 56 (-8192 -280 2040 ) (-8192 -392 2040 ) (-8192 -392 2159 ) (-8192 -280 2159 ) 
4 15 17 (-8192 -392 2159 ) (-8192 -392 2111.979736 ) (-8160 -392 2111.979736 ) (-8160 -392 2159 ) 
4 15 16 (-8192 -392 2111.979736 ) (-8192 -392 2040 ) (-8160 -392 2040 ) (-8160 -392 2111.979736 ) 
4 16 57 (-8192 -392 2040 ) (-8192 -641.882629 2040 ) (-8192 -536.433411 2081.019531 ) (-8192 -392 2111.979736 ) 
4 16 19 (-8160 -432 2040 ) (-8160 -641.882629 2040 ) (-8192 -641.882629 2040 ) (-8192 -432 2040 ) 
4 16 18 (-8192 -527.433350 2082.949219 ) (-8192 -532 2081.970215 ) (-8160 -532 2081.970215 ) (-8160 -527.433350 2082.949219 ) 
4 16 17 (-8160 -392 2111.980225 ) (-8192 -392 2111.980225 ) (-8192 -527.433350 2082.949219 ) (-8160 -527.433350 2082.949219 ) 
5 17 58 (-8192 -394.642029 2160 ) (-8192 -392 2160 ) (-8192 -392 2111.979736 ) (-8192 -527.433167 2082.948730 ) (-8192 -528.083923 2084.500000 ) 
4 17 18 (-8192 -527.433655 2082.948975 ) (-8160 -527.433655 2082.948975 ) (-8160 -528 2084.300049 ) (-8192 -528 2084.300049 ) 
5 18 59 (-8192 -528 2084.300049 ) (-8192 -527.433167 2082.948730 ) (-8192 -532 2081.969727 ) (-8192 -532.115234 2082.219238 ) (-8192 -529.400024 2083.755371 ) 
5 19 60 (-8192 -432 2032 ) (-8192 -656.156128 2032 ) (-8192 -650.719971 2036.562256 ) (-8192 -641.882813 2040 ) (-8192 -432 2040 ) 
4 19 31 (-8192 -640 2032 ) (-8192 -624 2032 ) (-8160 -624 2032 ) (-8160 -640 2032 ) 
4 19 32 (-8192 -656.156128 2032 ) (-8192 -640 2032 ) (-8160 -640 2032 ) (-8160 -656.156128 2032 ) 
4 19 29 (-8192 -608 2032 ) (-8192 -592 2032 ) (-8160 -592 2032 ) (-8160 -608 2032 ) 
4 19 30 (-8192 -624 2032 ) (-8192 -608 2032 ) (-8160 -608 2032 ) (-8160 -624 2032 ) 
4 19 28 (-8192 -592 2032 ) (-8192 -576 2032 ) (-8160 -576 2032 ) (-8160 -592 2032 ) 
4 19 26 (-8192 -560 2032 ) (-8192 -544 2032 ) (-8160 -544 2032 ) (-8160 -560 2032 ) 
4 19 27 (-8192 -576 2032 ) (-8192 -560 2032 ) (-8160 -560 2032 ) (-8160 -576 2032 ) 
4 19 20 (-8192 -464 2032 ) (-8192 -448 2032 ) (-8160 -448 2032 ) (-8160 -464 2032 ) 
4 19 21 (-8192 -544 2032 ) (-8192 -464 2032 ) (-8160 -464 2032 ) (-8160 -544 2032 ) 
4 20 61 (-8192 -464 2032 ) (-8192 -448 2032 ) (-8192 -448 2024 ) (-8192 -464 2024 ) 
4 20 21 (-8160 -464 2024 ) (-8160 -464 2032 ) (-8192 -464 2032 ) (-8192 -464 2024 ) 
4 21 62 (-8192 -544 2016 ) (-8192 -544 2032 ) (-8192 -464 2032 ) (-8192 -464 2016 ) 
4 21 26 (-8160 -544 2016 ) (-8160 -544 2032 ) (-8192 -544 2032 ) (-8192 -544 2016 ) 
4 21 22 (-8160 -544 2016 ) (-8192 -544 2016 ) (-8192 -480 2016 ) (-8160 -480 2016 ) 
4 22 63 (-8192 -480 2008 ) (-8192 -544 2008 ) (-8192 -544 2016 ) (-8192 -480 2016 ) 
4 22 26 (-8160 -544 2008 ) (-8160 -544 2016 ) (-8192 -544 2016 ) (-8192 -544 2008 ) 
4 22 24 (-8192 -528 2008 ) (-8192 -512 2008 ) (-8160 -512 2008 ) (-8160 -528 2008 ) 
4 22 25 (-8160 -544 2008 ) (-8192 -544 2008 ) (-8192 -528 2008 ) (-8160 -528 2008 ) 
4 22 23 (-8192 -512 2008 ) (-8192 -496 2008 ) (-8160 -496 2008 ) (-8160 -512 2008 ) 
4 23 64 (-8192 -496 2000 ) (-8192 -512 2000 ) (-8192 -512 2008 ) (-8192 -496 2008 ) 
4 23 24 (-8160 -512 2000 ) (-8160 -512 2008 ) (-8192 -512 2008 ) (-8192 -512 2000 ) 
4 24 65 (-8192 -528 2008 ) (-8192 -512 2008 ) (-8192 -512 1992 ) (-8192 -528 1992 ) 
4 24 25 (-8160 -528 1992 ) (-8160 -528 2008 ) (-8192 -528 2008 ) (-8192 -528 1992 ) 
4 25 66 (-8192 -544 1984 ) (-8192 -544 2008 ) (-8192 -528 2008 ) (-8192 -528 1984 ) 
4 25 26 (-8160 -544 1984 ) (-8160 -544 2008 ) (-8192 -544 2008 ) (-8192 -544 1984 ) 
4 26 67 (-8192 -560 2032 ) (-8192 -544 2032 ) (-8192 -544 1976 ) (-8192 -560 1976 ) 
4 26 27 (-8160 -560 1976 ) (-8160 -560 2032 ) (-8192 -560 2032 ) (-8192 -560 1976 ) 
4 27 68 (-8192 -576 1968 ) (-8192 -576 2032 ) (-8192 -560 2032 ) (-8192 -560 1968 ) 
4 27 28 (-8160 -576 1968 ) (-8160 -576 2032 ) (-8192 -576 2032 ) (-8192 -576 1968 ) 
4 28 69 (-8192 -592 2032 ) (-8192 -576 2032 ) (-8192 -576 1960 ) (-8192 -592 1960 ) 
4 28 29 (-8160 -592 1960 ) (-8160 -592 2032 ) (-8192 -592 2032 ) (-8192 -592 1960 ) 
4 29 70 (-8192 -608 2032 ) (-8192 -592 2032 ) (-8192 -592 1952 ) (-8192 -608 1952 ) 
4 29 30 (-8160 -608 1952 ) (-8160 -608 2032 ) (-8192 -608 2032 ) (-8192 -608 1952 ) 
4 30 71 (-8192 -624 1944 ) (-8192 -624 2032 ) (-8192 -608 2032 ) (-8192 -608 1944 ) 
4 30 31 (-8160 -624 1944 ) (-8160 -624 2032 ) (-8192 -624 2032 ) (-8192 -624 1944 ) 
4 31 72 (-8192 -640 2032 ) (-8192 -624 2032 ) (-8192 -624 1936 ) (-8192 -640 1936 ) 
4 31 32 (-8160 -640 1936 ) (-8160 -640 2032 ) (-8192 -640 2032 ) (-8192 -640 1936 ) 
4 32 73 (-8192 -664 1928 ) (-8192 -664 2032 ) (-8192 -640 2032 ) (-8192 -640 1928 ) 
4 32 33 (-8160 -664 1936 ) (-8160 -664 2032 ) (-8192 -664 2032 ) (-8192 -664 1936 ) 
4 33 74 (-8192 -904 1936 ) (-8192 -904 2032 ) (-8192 -664 2032 ) (-8192 -664 1936 ) 
4 34 37 (-7872 -1584 2184 ) (-7872 -1264 2184 ) (-7872 -1264 2160 ) (-7872 -1584 2160 ) 
4 34 35 (-7648 -1584 2160 ) (-7872 -1584 2160 ) (-7872 -1264 2160 ) (-7648 -1264 2160 ) 
4 35 37 (-7872 -1264 2048 ) (-7872 -1584 2048 ) (-7872 -1584 2160 ) (-7872 -1264 2160 ) 
4 36 41 (-7936 -1232 2048 ) (-7936 -1216 2048 ) (-7872 -1216 2048 ) (-7872 -1232 2048 ) 
4 36 40 (-7936 -1216 2048 ) (-7936 -1200 2048 ) (-7872 -1200 2048 ) (-7872 -1216 2048 ) 
4 36 39 (-7936 -1049.625488 2048 ) (-7936 -1046.108398 2048 ) (-7872 -1046.108398 2048 ) (-7872 -1049.625488 2048 ) 
4 36 38 (-7936 -1200 2048 ) (-7936 -1049.625488 2048 ) (-7872 -1049.625488 2048 ) (-7872 -1200 2048 ) 
4 36 37 (-7936 -1264 2048 ) (-7872 -1264 2048 ) (-7872 -1264 2160 ) (-7936 -1264 2160 ) 
4 37 53 (-7936 -1264 2048 ) (-7936 -1584 2048 ) (-7936 -1584 2160 ) (-7936 -1264 2160 ) 
4 37 52 (-7936 -1584 2160 ) (-7936 -1584 2184 ) (-7936 -1264 2184 ) (-7936 -1264 2160 ) 
4 38 49 (-7936 -1184 2024 ) (-7936 -1168 2024 ) (-7872 -1168 2024 ) (-7872 -1184 2024 ) 
4 38 48 (-7936 -1168 2024 ) (-7936 -1120 2024 ) (-7872 -1120 2024 ) (-7872 -1168 2024 ) 
4 38 45 (-7936 -1120 2024 ) (-7936 -1104 2024 ) (-7872 -1104 2024 ) (-7872 -1120 2024 ) 
4 38 43 (-7936 -1104 2024 ) (-7936 -1088 2024 ) (-7872 -1088 2024 ) (-7872 -1104 2024 ) 
4 38 42 (-7936 -1088 2024 ) (-7936 -1024 2024 ) (-7872 -1024 2024 ) (-7872 -1088 2024 ) 
4 38 40 (-7872 -1200 2032 ) (-7872 -1200 2048 ) (-7936 -1200 2048 ) (-7936 -1200 2032 ) 
4 38 39 (-7936 -1028.853394 2035.021240 ) (-7936 -1049.626953 2048 ) (-7872 -1049.626953 2048 ) (-7872 -1028.853394 2035.021240 ) 
4 40 41 (-7872 -1216 2040 ) (-7872 -1216 2048 ) (-7936 -1216 2048 ) (-7936 -1216 2040 ) 
4 42 44 (-7936 -1072 1968 ) (-7936 -1024 1968 ) (-7872 -1024 1968 ) (-7872 -1072 1968 ) 
4 42 43 (-7872 -1088 1976 ) (-7872 -1088 2024 ) (-7936 -1088 2024 ) (-7936 -1088 1976 ) 
4 43 45 (-7872 -1104 1984 ) (-7872 -1104 2024 ) (-7936 -1104 2024 ) (-7936 -1104 1984 ) 
4 44 47 (-7936 -1056 1960 ) (-7936 -1040 1960 ) (-7872 -1040 1960 ) (-7872 -1056 1960 ) 
4 44 46 (-7936 -1040 1960 ) (-7936 -1024 1960 ) (-7872 -1024 1960 ) (-7872 -1040 1960 ) 
4 45 51 (-7872 -1120 1992 ) (-7872 -1120 2000 ) (-7936 -1120 2000 ) (-7936 -1120 1992 ) 
4 45 50 (-7872 -1120 2000 ) (-7872 -1120 2008 ) (-7936 -1120 2008 ) (-7936 -1120 2000 ) 
4 45 48 (-7872 -1120 2008 ) (-7872 -1120 2024 ) (-7936 -1120 2024 ) (-7936 -1120 2008 ) 
4 46 47 (-7872 -1040 1952 ) (-7872 -1040 1960 ) (-7936 -1040 1960 ) (-7936 -1040 1952 ) 
4 48 50 (-7936 -1152 2008 ) (-7936 -1120 2008 ) (-7872 -1120 2008 ) (-7872 -1152 2008 ) 
4 48 49 (-7872 -1168 2016 ) (-7872 -1168 2024 ) (-7936 -1168 2024 ) (-7936 -1168 2016 ) 
4 50 51 (-7936 -1136 2000 ) (-7936 -1120 2000 ) (-7872 -1120 2000 ) (-7872 -1136 2000 ) 
4 52 53 (-7936 -1584 2160 ) (-8000 -1584 2160 ) (-8000 -1264 2160 ) (-7936 -1264 2160 ) 
4 54 77 (-8224 0 2280 ) (-8224 0 2048 ) (-8224 -93.176414 2048 ) (-8224 -93.176414 2280 ) 
4 54 75 (-8224 -93.176414 2048 ) (-8224 -112 2048 ) (-8224 -112 2280 ) (-8224 -93.176414 2280 ) 
4 54 55 (-8192 -112 2048 ) (-8192 -112 2280 ) (-8224 -112 2280 ) (-8224 -112 2048 ) 
4 55 79 (-8224 -112 2040 ) (-8224 -280 2040 ) (-8224 -280 2280 ) (-8224 -112 2280 ) 
4 55 56 (-8224 -280 2040 ) (-8192 -280 2040 ) (-8192 -280 2159 ) (-8224 -280 2159 ) 
4 56 58 (-8224 -392 2159 ) (-8224 -392 2111.979736 ) (-8192 -392 2111.979736 ) (-8192 -392 2159 ) 
4 56 57 (-8224 -392 2111.979736 ) (-8224 -392 2040 ) (-8192 -392 2040 ) (-8192 -392 2111.979736 ) 
4 57 60 (-8224 -641.882629 2040 ) (-8224 -432 2040 ) (-8192 -432 2040 ) (-8192 -641.882629 2040 ) 
4 57 59 (-8224 -527.433350 2082.949219 ) (-8224 -532 2081.970215 ) (-8192 -532 2081.970215 ) (-8192 -527.433350 2082.949219 ) 
4 57 58 (-8192 -392 2111.980225 ) (-8224 -392 2111.980225 ) (-8224 -527.433350 2082.949219 ) (-8192 -527.433350 2082.949219 ) 
4 58 59 (-8224 -527.433655 2082.948975 ) (-8192 -527.433655 2082.948975 ) (-8192 -528 2084.300049 ) (-8224 -528 2084.300049 ) 
4 60 72 (-8224 -640 2032 ) (-8224 -624 2032 ) (-8192 -624 2032 ) (-8192 -640 2032 ) 
4 60 73 (-8224 -656.156128 2032 ) (-8224 -640 2032 ) (-8192 -640 2032 ) (-8192 -656.156128 2032 ) 
4 60 70 (-8224 -608 2032 ) (-8224 -592 2032 ) (-8192 -592 2032 ) (-8192 -608 2032 ) 
4 60 71 (-8224 -624 2032 ) (-8224 -608 2032 ) (-8192 -608 2032 ) (-8192 -624 2032 ) 
4 60 69 (-8224 -592 2032 ) (-8224 -576 2032 ) (-8192 -576 2032 ) (-8192 -592 2032 ) 
4 60 67 (-8224 -560 2032 ) (-8224 -544 2032 ) (-8192 -544 2032 ) (-8192 -560 2032 ) 
4 60 68 (-8224 -576 2032 ) (-8224 -560 2032 ) (-8192 -560 2032 ) (-8192 -576 2032 ) 
4 60 61 (-8224 -464 2032 ) (-8224 -448 2032 ) (-8192 -448 2032 ) (-8192 -464 2032 ) 
4 60 62 (-8224 -544 2032 ) (-8224 -464 2032 ) (-8192 -464 2032 ) (-8192 -544 2032 ) 
4 61 62 (-8192 -464 2024 ) (-8192 -464 2032 ) (-8224 -464 2032 ) (-8224 -464 2024 ) 
4 62 67 (-8192 -544 2016 ) (-8192 -544 2032 ) (-8224 -544 2032 ) (-8224 -544 2016 ) 
4 62 63 (-8192 -544 2016 ) (-8224 -544 2016 ) (-8224 -480 2016 ) (-8192 -480 2016 ) 
4 63 67 (-8192 -544 2008 ) (-8192 -544 2016 ) (-8224 -544 2016 ) (-8224 -544 2008 ) 
4 63 65 (-8224 -528 2008 ) (-8224 -512 2008 ) (-8192 -512 2008 ) (-8192 -528 2008 ) 
4 63 66 (-8192 -544 2008 ) (-8224 -544 2008 ) (-8224 -528 2008 ) (-8192 -528 2008 ) 
4 63 64 (-8224 -512 2008 ) (-8224 -496 2008 ) (-8192 -496 2008 ) (-8192 -512 2008 ) 
4 64 65 (-8192 -512 2000 ) (-8192 -512 2008 ) (-8224 -512 2008 ) (-8224 -512 2000 ) 
4 65 66 (-8192 -528 1992 ) (-8192 -528 2008 ) (-8224 -528 2008 ) (-8224 -528 1992 ) 
4 66 67 (-8192 -544 1984 ) (-8192 -544 2008 ) (-8224 -544 2008 ) (-8224 -544 1984 ) 
4 67 68 (-8192 -560 1976 ) (-8192 -560 2032 ) (-8224 -560 2032 ) (-8224 -560 1976 ) 
4 68 69 (-8192 -576 1968 ) (-8192 -576 2032 ) (-8224 -576 2032 ) (-8224 -576 1968 ) 
4 69 70 (-8192 -592 1960 ) (-8192 -592 2032 ) (-8224 -592 2032 ) (-8224 -592 1960 ) 
4 70 71 (-8192 -608 1952 ) (-8192 -608 2032 ) (-8224 -608 2032 ) (-8224 -608 1952 ) 
4 71 72 (-8192 -624 2032 ) (-8224 -624 2032 ) (-8224 -624 1944 ) (-8192 -624 1944 ) 
4 72 73 (-8192 -640 1936 ) (-8192 -640 2032 ) (-8224 -640 2032 ) (-8224 -640 1936 ) 
4 73 74 (-8192 -664 1936 ) (-8192 -664 2032 ) (-8224 -664 2032 ) (-8224 -664 1936 ) 
4 74 81 (-8224 -904 1936 ) (-8224 -904 2032 ) (-8224 -664 2032 ) (-8224 -664 1936 ) 
4 75 80 (-8592 -112 2048 ) (-8592 -112 2280 ) (-8592 0 2280 ) (-8592 0 2048 ) 
4 75 78 (-8392 -24 2280 ) (-8367.858398 -33.939819 2280 ) (-8367.858398 -33.939816 2048 ) (-8392 -24 2048 ) 
4 75 77 (-8367.858398 -33.939819 2280 ) (-8224 -93.175423 2280 ) (-8224 -93.175415 2048 ) (-8367.858398 -33.939816 2048 ) 
4 75 76 (-8450.283203 0 2048 ) (-8450.283203 0 2280 ) (-8426 -9.998688 2280 ) (-8426 -9.998688 2048 ) 
4 75 79 (-8592 -112 2280 ) (-8592 -112 2048 ) (-8224 -112 2048 ) (-8224 -112 2280 ) 
4 77 78 (-8367.858398 -33.941113 2048 ) (-8367.858398 -33.941113 2280 ) (-8358 -10 2280 ) (-8358 -10 2048 ) 
4 79 80 (-8592 -112 2040 ) (-8592 -280 2040 ) (-8592 -280 2280 ) (-8592 -112 2280 ) 
